31 31
1 1 1 1 1 1 1 1 1 1 1 1 1 1 1 1 1 1 1 1 1 1 1 1 1 1 1 1 1 1 1 
0 1 0 0 0 0 0 0 0 0 0 0 0 0 0 0 0 0 0 0 0 0 0 0 0 0 0 0 0 0 0 
0 0 1 1 1 1 0 1 1 0 0 0 0 0 0 0 0 0 0 0 0 0 0 0 0 0 0 0 0 0 0 
0 0 0 1 0 0 0 0 0 0 0 0 0 0 0 0 0 0 0 0 0 0 0 0 0 0 0 0 0 0 0 
0 0 0 0 1 1 0 0 0 0 0 0 0 0 0 0 0 0 0 0 0 0 0 0 0 0 0 0 0 0 0 
0 0 0 0 0 1 0 0 0 0 0 0 0 0 0 0 0 0 0 0 0 0 0 0 0 0 0 0 0 0 0 
0 0 0 0 0 0 1 1 1 1 1 1 0 0 0 0 0 0 0 0 0 0 0 0 0 0 0 0 0 0 0 
0 0 0 0 0 0 0 1 0 0 0 0 0 0 0 0 0 0 0 0 0 0 0 0 0 0 0 0 0 0 0 
0 0 0 0 0 0 0 0 1 0 0 0 0 0 0 0 0 0 0 0 0 0 0 0 0 0 0 0 0 0 0 
0 0 0 0 0 0 0 0 0 1 1 1 1 1 1 1 0 1 0 0 0 0 0 0 0 0 0 0 0 0 0 
0 0 0 0 0 0 0 0 0 0 1 0 0 0 0 0 0 0 0 0 0 0 0 0 0 0 0 0 0 0 0 
0 0 0 0 0 0 0 0 0 0 0 1 0 0 0 0 0 0 0 0 0 0 0 0 0 0 0 0 0 0 0 
0 0 0 0 0 0 0 0 0 0 0 0 1 1 0 0 0 0 0 0 0 0 0 0 0 0 0 0 0 0 0 
0 0 0 0 0 0 0 0 0 0 0 0 0 1 1 0 0 0 0 0 0 0 0 0 0 0 0 0 0 0 0 
0 0 0 0 0 0 0 0 0 0 0 0 0 0 1 1 1 1 1 1 0 0 0 0 0 0 0 0 0 0 0 
0 0 0 0 0 0 0 0 0 0 0 0 0 0 0 1 0 0 0 0 0 0 0 0 0 0 0 0 0 0 0 
0 0 0 0 0 0 0 0 0 0 0 0 0 0 0 0 1 1 1 0 1 1 1 1 1 1 1 1 1 1 1 
0 0 0 0 0 0 0 0 0 0 0 0 0 0 0 0 0 1 1 1 0 0 0 0 0 0 0 0 0 0 0 
0 0 0 0 0 0 0 0 0 0 0 0 0 0 0 0 0 0 1 0 0 0 0 0 0 0 0 0 0 0 0 
0 0 0 0 0 0 0 0 0 0 0 0 0 0 0 0 0 0 0 1 1 1 1 0 0 0 0 0 0 0 0 
0 0 0 0 0 0 0 0 0 0 0 0 0 0 0 0 0 0 0 0 1 0 0 0 0 0 0 0 0 0 0 
0 0 0 0 0 0 0 0 0 0 0 0 0 0 0 0 0 0 0 0 0 1 1 0 0 0 0 0 0 0 0 
0 0 0 0 0 0 0 0 0 0 0 0 0 0 0 0 0 0 0 0 0 0 1 0 0 0 0 0 0 0 0 
0 0 0 0 0 0 0 0 0 0 0 0 0 0 0 0 0 0 0 0 0 0 0 1 1 1 1 1 1 1 1 
0 0 0 0 0 0 0 0 0 0 0 0 0 0 0 0 0 0 0 0 0 0 0 0 1 0 0 0 0 0 0 
0 0 0 0 0 0 0 0 0 0 0 0 0 0 0 0 0 0 0 0 0 0 0 0 0 1 1 0 0 0 0 
0 0 0 0 0 0 0 0 0 0 0 0 0 0 0 0 0 0 0 0 0 0 0 0 0 0 1 0 0 0 0 
0 0 0 0 0 0 0 0 0 0 0 0 0 0 0 0 0 0 0 0 0 0 0 0 0 0 0 1 1 1 1 
0 0 0 0 0 0 0 0 0 0 0 0 0 0 0 0 0 0 0 0 0 0 0 0 0 0 0 0 1 0 0 
0 0 0 0 0 0 0 0 0 0 0 0 0 0 0 0 0 0 0 0 0 0 0 0 0 0 0 0 0 1 1 
0 0 0 0 0 0 0 0 0 0 0 0 0 0 0 0 0 0 0 0 0 0 0 0 0 0 0 0 0 0 1 
86
0 1 0 0 1 1
0 2 0 1 2 2
0 3 0 1 2 3
0 4 0 1 2 4
0 5 0 1 2 5
0 6 0 5 6 6
0 7 0 1 2 7
0 8 0 1 2 8
0 9 0 5 6 9
0 10 0 5 6 10
0 11 0 5 6 11
0 12 0 8 9 12
0 13 0 8 9 13
0 14 0 8 9 14
0 15 0 8 9 15
0 16 0 13 14 16
0 17 0 8 9 17
0 18 0 13 14 18
0 19 0 13 14 19
0 20 0 15 16 20
0 21 0 15 16 21
0 22 0 15 16 22
0 23 0 15 16 23
0 24 0 15 16 24
0 25 0 15 16 25
0 26 0 15 16 26
0 27 0 15 16 27
0 28 0 15 16 28
0 29 0 15 16 29
0 30 0 15 16 30
2 3 2 2 3 3
2 4 2 3 4 4
2 5 2 3 4 5
2 7 2 5 6 7
2 8 2 5 6 8
4 5 4 4 5 5
6 7 6 6 7 7
6 8 6 7 8 8
6 9 6 8 9 9
6 10 6 8 9 10
6 11 6 8 9 11
9 10 9 9 10 10
9 11 9 10 11 11
9 12 9 11 12 12
9 13 9 11 12 13
9 14 9 12 13 14
9 15 9 13 14 15
9 17 9 13 14 17
12 13 12 12 13 13
13 14 13 13 14 14
14 15 14 14 15 15
14 16 14 15 16 16
14 17 14 15 16 17
14 18 14 15 16 18
14 19 14 16 17 19
16 17 16 16 17 17
16 18 16 16 17 18
16 20 16 18 19 20
16 21 16 18 19 21
16 22 16 18 19 22
16 23 16 22 23 23
16 24 16 22 23 24
16 25 16 22 23 25
16 26 16 22 23 26
16 27 16 22 23 27
16 28 16 22 23 28
16 29 16 22 23 29
16 30 16 22 23 30
17 18 17 17 18 18
17 19 17 18 19 19
19 20 19 19 20 20
19 21 19 20 21 21
19 22 19 20 21 22
21 22 21 21 22 22
23 24 23 23 24 24
23 25 23 24 25 25
23 26 23 24 25 26
23 27 23 26 27 27
23 28 23 26 27 28
23 29 23 26 27 29
23 30 23 26 27 30
25 26 25 25 26 26
27 28 27 27 28 28
27 29 27 28 29 29
27 30 27 28 29 30
29 30 29 29 30 30
