15 15
1 1 1 1 1 1 1 1 1 1 1 1 1 1 1 
0 1 0 0 0 0 0 0 0 0 0 0 0 0 0 
0 0 1 1 1 1 1 0 0 0 0 0 0 0 0 
0 0 0 1 0 0 0 0 0 0 0 0 0 0 0 
0 0 0 0 1 1 1 1 1 0 0 0 0 0 0 
0 0 0 0 0 1 0 0 0 0 0 0 0 0 0 
0 0 0 0 0 0 1 0 0 0 0 0 0 0 0 
0 0 0 0 0 0 0 1 1 1 1 0 0 1 1 
0 0 0 0 0 0 0 0 1 0 0 0 0 0 0 
0 0 0 0 0 0 0 0 0 1 1 1 1 0 0 
0 0 0 0 0 0 0 0 0 0 1 0 0 0 0 
0 0 0 0 0 0 0 0 0 0 0 1 1 1 1 
0 0 0 0 0 0 0 0 0 0 0 0 1 0 0 
0 0 0 0 0 0 0 0 0 0 0 0 0 1 1 
0 0 0 0 0 0 0 0 0 0 0 0 0 0 1 
34
0 1 0 0 1 1
0 2 0 1 2 2
0 3 0 1 2 3
0 4 0 1 2 4
0 5 0 1 2 5
0 6 0 1 2 6
0 7 0 3 4 7
0 8 0 3 4 8
0 9 0 6 7 9
0 10 0 6 7 10
0 11 0 8 9 11
0 12 0 8 9 12
0 13 0 6 7 13
0 14 0 6 7 14
2 3 2 2 3 3
2 4 2 3 4 4
2 5 2 3 4 5
2 6 2 3 4 6
4 5 4 4 5 5
4 6 4 5 6 6
4 7 4 6 7 7
4 8 4 6 7 8
7 8 7 7 8 8
7 9 7 8 9 9
7 10 7 8 9 10
7 13 7 10 11 13
7 14 7 10 11 14
9 10 9 9 10 10
9 11 9 10 11 11
9 12 9 10 11 12
11 12 11 11 12 12
11 13 11 12 13 13
11 14 11 12 13 14
13 14 13 13 14 14
