43 31
  0   0   0   0   0   0   0   0   0   0   0   0   0   0   0   0   0   0   0   0   0   0   0   0   0   0   0   0   0   0   0 
  2   0   0   0   0   0   0   0   0   0   0   0   0   0   0   0   0   0   0   0   0   0   0   0   0   0   0   0   0   0  -1 
 -1   1   0   0   0   0   0   0   0   0   0   0   0   0   0   0   0   0   0   0   0   0   0   0   0   0   0   0   0  -1  -1 
 -1   2   1   0   0   0   0   0   0   0   0   0   0   0   0   0   0   0   0   0   0   0   0   0   0   0   0   0   1  -1  -1 
 -1   3   1   1   0   0   0   0   0   0   0   0   0   0   0   0   0   0   0   0   0   0   0   0   0   0   0   1  -1  -1  -1 
 -1  -1   2   1   1   0   0   0   0   0   0   0   0   0   0   0   0   0   0   0   0   0   0   0   0   0   1   1  -1  -1  -1 
 -1  -1   3   2   1   1   0   0   0   0   0   0   0   0   0   0   0   0   0   0   0   0   0   0   0   1   1   2  -1  -1  -1 
 -1  -1   4   2   1   1   1   0   0   0   0   0   0   0   0   0   0   0   0   0   0   0   0   0   1   1   2  -1  -1  -1  -1 
 -1  -1  -1   3   2   1   1   1   0   0   0   0   0   0   0   0   0   0   0   0   0   0   0   1   1   1   2  -1  -1  -1  -1 
 -1  -1  -1   4   2   1   1   1   1   0   0   0   0   0   0   0   0   0   0   0   0   0   1   1   1   2   3  -1  -1  -1  -1 
 -1  -1  -1   4   3   2   1   1   1   1   0   0   0   0   0   0   0   0   0   0   0   1   1   1   1   2  -1  -1  -1  -1  -1 
 -1  -1  -1  -1   3   2   2   1   1   1   1   0   0   0   0   0   0   0   0   0   1   1   1   1   2   3  -1  -1  -1  -1  -1 
 -1  -1  -1  -1   4   3   2   1   1   1   1   1   0   0   0   0   0   0   0   1   1   1   1   2   2   4  -1  -1  -1  -1  -1 
 -1  -1  -1  -1   5   3   2   2   1   1   1   1   1   0   0   0   0   0   1   1   1   1   1   2   3  -1  -1  -1  -1  -1  -1 
 -1  -1  -1  -1  -1   4   3   2   1   1   1   1   1   1   0   0   0   1   1   1   1   1   2   2   4  -1  -1  -1  -1  -1  -1 
 -1  -1  -1  -1  -1   5   3   2   2   1   1   1   1   1   1   0   1   1   1   1   1   1   2   3   5  -1  -1  -1  -1  -1  -1 
 -1  -1  -1  -1  -1   5   4   2   2   2   1   1   1   1   1   1   1   1   1   1   1   2   2   3  -1  -1  -1  -1  -1  -1  -1 
 -1  -1  -1  -1  -1  -1   4   3   2   2   1   1   1   1   1   1   1   1   1   1   2   2   3   5  -1  -1  -1  -1  -1  -1  -1 
 -1  -1  -1  -1  -1  -1   5   3   2   2   2   1   1   1   1   1   1   1   1   1   2   2   3   6  -1  -1  -1  -1  -1  -1  -1 
 -1  -1  -1  -1  -1  -1   5   4   3   2   2   1   1   1   1   1   1   1   1   2   2   3   3  -1  -1  -1  -1  -1  -1  -1  -1 
 -1  -1  -1  -1  -1  -1  -1   4   3   2   2   2   1   1   1   1   1   1   1   2   2   3   4  -1  -1  -1  -1  -1  -1  -1  -1 
 -1  -1  -1  -1  -1  -1  -1   5   3   3   2   2   2   1   1   1   1   1   2   2   3   3   6  -1  -1  -1  -1  -1  -1  -1  -1 
 -1  -1  -1  -1  -1  -1  -1   5   4   3   2   2   2   1   1   1   1   2   2   2   3   4  -1  -1  -1  -1  -1  -1  -1  -1  -1 
 -1  -1  -1  -1  -1  -1  -1  -1   4   3   3   2   2   2   1   1   1   2   2   3   3   4  -1  -1  -1  -1  -1  -1  -1  -1  -1 
 -1  -1  -1  -1  -1  -1  -1  -1   5   4   3   2   2   2   1   1   2   2   2   3   4   5  -1  -1  -1  -1  -1  -1  -1  -1  -1 
 -1  -1  -1  -1  -1  -1  -1  -1   6   4   3   3   2   2   2   1   2   2   2   3   4  -1  -1  -1  -1  -1  -1  -1  -1  -1  -1 
 -1  -1  -1  -1  -1  -1  -1  -1  -1   5   4   3   2   2   2   2   2   2   3   4   5  -1  -1  -1  -1  -1  -1  -1  -1  -1  -1 
 -1  -1  -1  -1  -1  -1  -1  -1  -1   6   4   3   3   2   2   2   2   2   3   4   6  -1  -1  -1  -1  -1  -1  -1  -1  -1  -1 
 -1  -1  -1  -1  -1  -1  -1  -1  -1   6   5   3   3   2   2   2   2   3   4   4  -1  -1  -1  -1  -1  -1  -1  -1  -1  -1  -1 
 -1  -1  -1  -1  -1  -1  -1  -1  -1  -1   5   4   3   3   2   2   2   3   4   5  -1  -1  -1  -1  -1  -1  -1  -1  -1  -1  -1 
 -1  -1  -1  -1  -1  -1  -1  -1  -1  -1   6   4   3   3   2   2   3   3   4   6  -1  -1  -1  -1  -1  -1  -1  -1  -1  -1  -1 
 -1  -1  -1  -1  -1  -1  -1  -1  -1  -1   6   5   4   3   3   2   3   4   5  -1  -1  -1  -1  -1  -1  -1  -1  -1  -1  -1  -1 
 -1  -1  -1  -1  -1  -1  -1  -1  -1  -1  -1   5   4   3   3   3   3   4   5  -1  -1  -1  -1  -1  -1  -1  -1  -1  -1  -1  -1 
 -1  -1  -1  -1  -1  -1  -1  -1  -1  -1  -1   6   4   4   3   3   3   5   6  -1  -1  -1  -1  -1  -1  -1  -1  -1  -1  -1  -1 
 -1  -1  -1  -1  -1  -1  -1  -1  -1  -1  -1   6   5   4   3   3   4   5  -1  -1  -1  -1  -1  -1  -1  -1  -1  -1  -1  -1  -1 
 -1  -1  -1  -1  -1  -1  -1  -1  -1  -1  -1  -1   5   4   4   3   4   6  -1  -1  -1  -1  -1  -1  -1  -1  -1  -1  -1  -1  -1 
 -1  -1  -1  -1  -1  -1  -1  -1  -1  -1  -1  -1   6   5   4   4   5   6  -1  -1  -1  -1  -1  -1  -1  -1  -1  -1  -1  -1  -1 
 -1  -1  -1  -1  -1  -1  -1  -1  -1  -1  -1  -1   6   5   4   4   5  -1  -1  -1  -1  -1  -1  -1  -1  -1  -1  -1  -1  -1  -1 
 -1  -1  -1  -1  -1  -1  -1  -1  -1  -1  -1  -1  -1   5   5   4   6  -1  -1  -1  -1  -1  -1  -1  -1  -1  -1  -1  -1  -1  -1 
 -1  -1  -1  -1  -1  -1  -1  -1  -1  -1  -1  -1  -1   6   5   5   6  -1  -1  -1  -1  -1  -1  -1  -1  -1  -1  -1  -1  -1  -1 
 -1  -1  -1  -1  -1  -1  -1  -1  -1  -1  -1  -1  -1   6   5   5  -1  -1  -1  -1  -1  -1  -1  -1  -1  -1  -1  -1  -1  -1  -1 
 -1  -1  -1  -1  -1  -1  -1  -1  -1  -1  -1  -1  -1  -1   6   6  -1  -1  -1  -1  -1  -1  -1  -1  -1  -1  -1  -1  -1  -1  -1 
 -1  -1  -1  -1  -1  -1  -1  -1  -1  -1  -1  -1  -1  -1   6   6  -1  -1  -1  -1  -1  -1  -1  -1  -1  -1  -1  -1  -1  -1  -1 
204 6
5 1 29 2 29 3 29 4 29 5 28 
5 1 28 2 28 3 28 6 28 6 27 
5 1 27 2 27 3 27 7 27 7 26 
5 1 26 2 26 3 26 8 26 8 25 
5 4 26 5 26 6 26 9 26 9 25 
5 1 25 2 25 3 25 10 25 9 24 
5 4 25 5 25 6 25 11 25 10 24 
5 1 24 2 24 3 24 11 24 10 23 
5 4 24 5 24 6 24 12 24 11 23 
5 1 23 2 23 3 23 12 23 11 22 
5 4 23 5 23 6 23 13 23 12 22 
5 7 23 8 23 9 23 14 23 13 22 
5 1 22 2 22 3 22 14 22 12 21 
5 4 22 5 22 6 22 15 22 13 21 
5 7 22 8 22 9 22 16 22 14 21 
5 1 21 2 21 3 21 15 21 13 20 
5 4 21 5 21 6 21 16 21 14 20 
5 7 21 8 21 9 21 17 21 15 20 
5 1 20 2 20 3 20 16 20 14 19 
5 4 20 5 20 6 20 17 20 15 19 
5 7 20 8 20 9 20 18 20 16 19 
5 10 20 11 20 12 20 19 20 17 19 
5 1 19 2 19 3 19 18 19 15 18 
5 4 19 5 19 6 19 19 19 16 18 
5 7 19 8 19 9 19 20 19 17 18 
5 10 19 11 19 12 19 21 19 18 18 
5 1 18 2 18 3 18 19 18 16 17 
5 4 18 5 18 6 18 20 18 17 17 
5 7 18 8 18 9 18 21 18 18 17 
5 10 18 11 18 12 18 22 18 19 17 
5 1 17 2 17 3 17 20 17 17 16 
5 4 17 5 17 6 17 21 17 18 16 
5 7 17 8 17 9 17 22 17 19 16 
5 10 17 11 17 12 17 23 17 20 16 
5 13 17 14 17 15 17 24 17 21 16 
5 1 16 2 16 3 16 22 16 16 15 
5 4 16 5 16 6 16 23 16 17 15 
5 7 16 8 16 9 16 24 16 18 15 
5 10 16 11 16 12 16 25 16 19 15 
5 13 16 14 16 15 16 26 16 20 15 
5 1 15 2 15 3 15 21 15 15 14 
5 4 15 5 15 6 15 22 15 16 14 
5 7 15 8 15 9 15 23 15 17 14 
5 10 15 11 15 12 15 24 15 18 14 
5 13 15 14 15 15 15 25 15 19 14 
5 1 14 2 14 3 14 20 14 14 13 
5 4 14 5 14 6 14 21 14 15 13 
5 7 14 8 14 9 14 22 14 16 13 
5 10 14 11 14 12 14 23 14 17 13 
5 1 13 2 13 3 13 18 13 13 12 
5 4 13 5 13 6 13 19 13 14 12 
5 7 13 8 13 9 13 20 13 15 12 
5 10 13 11 13 12 13 21 13 16 12 
5 1 12 2 12 3 12 17 12 12 11 
5 4 12 5 12 6 12 18 12 13 11 
5 7 12 8 12 9 12 19 12 14 11 
5 10 12 11 12 12 12 20 12 15 11 
5 1 11 2 11 3 11 16 11 11 10 
5 4 11 5 11 6 11 17 11 12 10 
5 7 11 8 11 9 11 18 11 13 10 
5 1 10 2 10 3 10 14 10 10 9 
5 4 10 5 10 6 10 15 10 11 9 
5 7 10 8 10 9 10 16 10 12 9 
5 1 9 2 9 3 9 13 9 9 8 
5 4 9 5 9 6 9 14 9 10 8 
5 7 9 8 9 9 9 15 9 11 8 
5 1 8 2 8 3 8 12 8 8 7 
5 4 8 5 8 6 8 13 8 9 7 
5 1 7 2 7 3 7 10 7 7 6 
5 4 7 5 7 6 7 11 7 8 6 
5 1 6 2 6 3 6 9 6 6 5 
5 4 6 5 6 6 6 10 6 7 5 
5 1 5 2 5 3 5 8 5 5 4 
5 1 4 2 4 3 4 6 4 4 3 
5 1 3 2 3 3 3 5 3 3 2 
5 4 28 5 28 6 28 7 28 8 27 
5 4 27 5 27 6 27 9 27 10 26 
5 7 26 8 26 9 26 11 26 12 25 
5 7 25 8 25 9 25 13 25 13 24 
5 7 24 8 24 9 24 14 24 15 23 
5 10 24 11 24 12 24 15 24 16 23 
5 10 23 11 23 12 23 17 23 17 22 
5 10 22 11 22 12 22 18 22 18 21 
5 13 22 14 22 15 22 19 22 19 21 
5 10 21 11 21 12 21 20 21 20 20 
5 13 21 14 21 15 21 21 21 21 20 
5 13 20 14 20 15 20 22 20 22 19 
5 16 20 17 20 18 20 23 20 23 19 
5 13 19 14 19 15 19 24 19 23 18 
5 16 19 17 19 18 19 25 19 24 18 
5 19 19 20 19 21 19 26 19 25 18 
5 13 18 14 18 15 18 26 18 25 17 
5 16 18 17 18 18 18 27 18 26 17 
5 19 18 20 18 21 18 28 18 27 17 
5 16 17 17 17 18 17 28 17 27 16 
5 19 17 20 17 21 17 29 17 28 16 
5 22 17 23 17 24 17 30 17 29 16 
5 16 16 17 16 18 16 30 16 26 15 
5 19 16 20 16 21 16 31 16 27 15 
5 22 16 23 16 24 16 32 16 28 15 
5 16 15 17 15 18 15 29 15 24 14 
5 19 15 20 15 21 15 30 15 25 14 
5 22 15 23 15 24 15 31 15 26 14 
5 13 14 14 14 15 14 27 14 22 13 
5 16 14 17 14 18 14 28 14 23 13 
5 19 14 20 14 21 14 29 14 24 13 
5 13 13 14 13 15 13 25 13 21 12 
5 16 13 17 13 18 13 26 13 22 12 
5 19 13 20 13 21 13 27 13 23 12 
5 13 12 14 12 15 12 24 12 19 11 
5 16 12 17 12 18 12 25 12 20 11 
5 10 11 11 11 12 11 21 11 17 10 
5 13 11 14 11 15 11 22 11 18 10 
5 16 11 17 11 18 11 23 11 19 10 
5 10 10 11 10 12 10 20 10 16 9 
5 13 10 14 10 15 10 21 10 17 9 
5 10 9 11 9 12 9 18 9 14 8 
5 13 9 14 9 15 9 19 9 15 8 
5 7 8 8 8 9 8 16 8 12 7 
5 10 8 11 8 12 8 17 8 13 7 
5 7 7 8 7 9 7 14 7 11 6 
5 7 6 8 6 9 6 12 6 9 5 
5 4 5 5 5 6 5 10 5 7 4 
5 4 4 5 4 6 4 8 4 6 3 
5 1 2 2 2 3 2 4 2 2 1 
5 7 27 8 27 9 27 10 27 12 26 
5 10 25 11 25 12 25 14 25 16 24 
5 13 24 14 24 15 24 17 24 18 23 
5 13 23 14 23 15 23 19 23 20 22 
4 16 23 17 23 20 23 21 22 
5 16 22 17 22 18 22 22 22 22 21 
5 16 21 17 21 18 21 23 21 24 20 
5 19 21 20 21 21 21 24 21 25 20 
5 19 20 20 20 21 20 26 20 27 19 
5 22 19 23 19 24 19 28 19 29 18 
5 22 18 23 18 24 18 30 18 31 17 
5 25 18 26 18 27 18 31 18 32 17 
5 25 17 26 17 27 17 33 17 33 16 
5 28 17 29 17 30 17 34 17 34 16 
5 25 16 26 16 27 16 35 16 32 15 
5 28 16 29 16 30 16 36 16 33 15 
5 25 15 26 15 27 15 34 15 30 14 
5 28 15 29 15 30 15 35 15 31 14 
5 22 14 23 14 24 14 32 14 28 13 
5 25 14 26 14 27 14 33 14 29 13 
5 22 13 23 13 24 13 30 13 26 12 
5 25 13 26 13 27 13 31 13 27 12 
5 19 12 20 12 21 12 28 12 24 11 
5 22 12 23 12 24 12 29 12 25 11 
5 19 11 20 11 21 11 26 11 22 10 
5 16 10 17 10 18 10 23 10 20 9 
5 19 10 20 10 21 10 24 10 21 9 
5 16 9 17 9 18 9 22 9 18 8 
5 13 8 14 8 15 8 19 8 15 7 
5 10 7 11 7 12 7 16 7 13 6 
5 10 6 11 6 12 6 14 6 11 5 
5 7 5 8 5 9 5 12 5 9 4 
5 4 3 5 3 6 3 7 3 5 2 
5 10 26 11 26 12 26 13 26 15 25 
5 18 23 19 23 20 23 21 23 23 22 
5 19 22 20 22 21 22 24 22 25 21 
5 22 21 23 21 24 21 26 21 27 20 
5 22 20 23 20 24 20 28 20 29 19 
4 25 20 26 20 29 20 30 19 
5 25 19 26 19 27 19 31 19 32 18 
5 28 18 29 18 30 18 33 18 35 17 
5 31 17 32 17 33 17 36 17 37 16 
5 31 16 32 16 33 16 38 16 36 15 
5 34 16 35 16 36 16 39 16 37 15 
5 31 15 32 15 33 15 38 15 34 14 
5 28 14 29 14 30 14 35 14 32 13 
5 31 14 32 14 33 14 36 14 33 13 
5 28 13 29 13 30 13 34 13 30 12 
5 25 12 26 12 27 12 31 12 27 11 
5 22 11 23 11 24 11 28 11 25 10 
5 22 10 23 10 24 10 26 10 23 9 
5 19 9 20 9 21 9 24 9 20 8 
5 16 8 17 8 18 8 21 8 17 7 
5 13 7 14 7 15 7 18 7 15 6 
5 10 5 11 5 12 5 13 5 10 4 
5 7 4 8 4 9 4 11 4 8 3 
5 13 25 14 25 15 25 16 25 18 24 
5 22 22 23 22 24 22 25 22 27 21 
5 27 20 28 20 29 20 30 20 32 19 
5 28 19 29 19 30 19 33 19 34 18 
5 31 18 32 18 33 18 35 18 37 17 
5 34 17 35 17 36 17 38 17 40 16 
5 37 16 38 16 39 16 41 16 39 15 
5 34 15 35 15 36 15 40 15 37 14 
4 37 15 38 15 41 15 38 14 
5 34 14 35 14 36 14 39 14 35 13 
5 31 13 32 13 33 13 36 13 32 12 
5 28 12 29 12 30 12 33 12 29 11 
5 25 11 26 11 27 11 30 11 27 10 
5 22 9 23 9 24 9 25 9 22 8 
5 19 8 20 8 21 8 23 8 19 7 
5 16 7 17 7 18 7 20 7 16 6 
5 13 6 14 6 15 6 17 6 14 5 
5 16 24 17 24 18 24 19 24 22 23 
5 25 21 26 21 27 21 28 21 31 20 
5 31 19 32 19 33 19 34 19 36 18 
4 34 18 35 18 37 18 39 17 
4 37 17 38 17 40 17 42 16 
4 40 16 41 16 43 16 42 15 
5 39 15 40 15 41 15 43 15 40 14 
5 37 14 38 14 39 14 41 14 37 13 
5 34 13 35 13 36 13 38 13 34 12 
5 31 12 32 12 33 12 35 12 31 11 
5 28 11 29 11 30 11 32 11 28 10 
5 25 10 26 10 27 10 29 10 26 9 
