19 15
  0   0   0   0   0   0   0   0   0   0   0   0   0   0   0 
  2   0   0   0   0   0   0   0   0   0   0   0   0   0  -1 
 -1   1   0   0   0   0   0   0   0   0   0   0   0  -1  -1 
 -1   2   1   0   0   0   0   0   0   0   0   0   1  -1  -1 
 -1   3   1   1   0   0   0   0   0   0   0   1  -1  -1  -1 
 -1  -1   2   1   1   0   0   0   0   0   1   1  -1  -1  -1 
 -1  -1   3   2   1   1   0   0   0   1   1   2  -1  -1  -1 
 -1  -1   4   2   1   1   1   0   1   1   2  -1  -1  -1  -1 
 -1  -1  -1   3   2   1   1   1   1   1   2  -1  -1  -1  -1 
 -1  -1  -1   4   2   1   1   1   1   2   3  -1  -1  -1  -1 
 -1  -1  -1   4   3   2   1   1   1   2  -1  -1  -1  -1  -1 
 -1  -1  -1  -1   3   2   2   1   2   3  -1  -1  -1  -1  -1 
 -1  -1  -1  -1   4   3   2   2   2   4  -1  -1  -1  -1  -1 
 -1  -1  -1  -1   4   3   2   2   2  -1  -1  -1  -1  -1  -1 
 -1  -1  -1  -1  -1   3   3   2   3  -1  -1  -1  -1  -1  -1 
 -1  -1  -1  -1  -1   4   3   2   4  -1  -1  -1  -1  -1  -1 
 -1  -1  -1  -1  -1   4   3   3  -1  -1  -1  -1  -1  -1  -1 
 -1  -1  -1  -1  -1  -1   4   3  -1  -1  -1  -1  -1  -1  -1 
 -1  -1  -1  -1  -1  -1   4   4  -1  -1  -1  -1  -1  -1  -1 
40 2
5 1 13 2 13 3 13 4 13 5 12 
5 1 12 2 12 3 12 6 12 6 11 
5 1 11 2 11 3 11 7 11 7 10 
5 1 10 2 10 3 10 8 10 8 9 
5 4 10 5 10 6 10 9 10 9 9 
5 1 9 2 9 3 9 10 9 9 8 
5 4 9 5 9 6 9 11 9 10 8 
5 1 8 2 8 3 8 11 8 8 7 
5 4 8 5 8 6 8 12 8 9 7 
5 1 7 2 7 3 7 10 7 7 6 
5 4 7 5 7 6 7 11 7 8 6 
5 1 6 2 6 3 6 9 6 6 5 
5 4 6 5 6 6 6 10 6 7 5 
5 1 5 2 5 3 5 8 5 5 4 
5 1 4 2 4 3 4 6 4 4 3 
5 1 3 2 3 3 3 5 3 3 2 
5 4 12 5 12 6 12 7 12 8 11 
5 4 11 5 11 6 11 9 11 10 10 
5 7 10 8 10 9 10 11 10 12 9 
5 7 9 8 9 9 9 13 9 13 8 
4 10 9 11 9 14 9 14 8 
5 7 8 8 8 9 8 15 8 12 7 
5 10 8 11 8 12 8 16 8 13 7 
5 7 7 8 7 9 7 14 7 11 6 
5 7 6 8 6 9 6 12 6 9 5 
5 4 5 5 5 6 5 10 5 7 4 
5 4 4 5 4 6 4 8 4 6 3 
5 1 2 2 2 3 2 4 2 2 1 
5 7 11 8 11 9 11 10 11 12 10 
5 12 9 13 9 14 9 15 9 17 8 
5 13 8 14 8 15 8 18 8 15 7 
5 10 7 11 7 12 7 16 7 13 6 
4 13 7 14 7 17 7 14 6 
5 10 6 11 6 12 6 15 6 11 5 
5 7 5 8 5 9 5 12 5 9 4 
5 4 3 5 3 6 3 7 3 5 2 
5 10 10 11 10 12 10 13 10 16 9 
5 16 8 17 8 18 8 19 8 18 7 
5 15 7 16 7 17 7 19 7 16 6 
5 13 6 14 6 15 6 17 6 13 5 
5 10 5 11 5 12 5 14 5 10 4 
5 7 4 8 4 9 4 11 4 8 3 
