16 16 676
204
3 18 33 257 258 
4 19 34 259 260 
5 20 35 261 262 
6 21 36 263 265 
51 66 81 264 266 
7 22 37 267 269 
52 67 82 268 270 
8 23 38 271 273 
53 68 83 272 274 
9 24 39 275 278 
54 69 84 276 279 
99 114 129 277 280 
10 25 40 281 284 
55 70 85 282 285 
100 115 130 283 286 
11 26 41 287 290 
56 71 86 288 291 
101 116 131 289 292 
12 27 42 293 297 
57 72 87 294 298 
102 117 132 295 299 
147 162 177 296 300 
13 28 43 301 305 
58 73 88 302 306 
103 118 133 303 307 
148 163 178 304 308 
14 29 44 309 313 
59 74 89 310 314 
104 119 134 311 315 
149 164 179 312 316 
15 30 45 317 322 
60 75 90 318 323 
105 120 135 319 324 
150 165 180 320 325 
195 210 225 321 326 
16 31 46 327 332 
61 76 91 328 333 
106 121 136 329 334 
151 166 181 330 335 
196 211 226 331 336 
32 47 62 337 342 
77 92 107 338 343 
122 137 152 339 344 
167 182 197 340 345 
212 227 242 341 346 
48 63 78 347 351 
93 108 123 348 352 
138 153 168 349 353 
183 198 213 350 354 
64 79 94 355 359 
109 124 139 356 360 
154 169 184 357 361 
199 214 229 358 362 
80 95 110 363 367 
125 140 155 364 368 
170 185 200 365 369 
215 230 245 366 370 
96 111 126 371 374 
141 156 171 372 375 
186 201 216 373 376 
112 127 142 377 380 
157 172 187 378 381 
202 217 232 379 382 
128 143 158 383 386 
173 188 203 384 387 
218 233 248 385 388 
144 159 174 389 391 
189 204 219 390 392 
160 175 190 393 395 
205 220 235 394 396 
176 191 206 397 399 
221 236 251 398 400 
192 207 222 401 402 
208 223 238 403 404 
224 239 254 405 406 
49 258 259 407 408 
50 65 260 409 410 
262 263 264 411 412 
97 265 266 413 414 
98 113 269 415 417 
270 271 272 416 418 
273 274 275 419 420 
145 278 279 421 423 
280 281 282 422 424 
146 161 284 425 427 
285 286 287 426 428 
290 291 292 429 431 
293 294 295 430 432 
193 297 298 433 436 
299 300 301 434 437 
302 303 304 435 438 
194 209 305 439 442 
306 307 308 440 443 
309 310 311 441 444 
313 314 315 445 448 
316 317 318 446 449 
319 320 321 447 450 
241 322 323 451 454 
324 325 326 452 455 
327 328 329 453 456 
332 333 334 457 460 
335 336 337 458 461 
338 339 340 459 462 
228 243 342 463 466 
343 344 345 464 467 
346 347 348 465 468 
244 351 352 469 472 
353 354 355 470 473 
356 357 358 471 474 
359 360 361 475 477 
362 363 364 476 478 
231 246 367 479 482 
368 369 370 480 483 
371 372 373 481 484 
247 374 375 485 487 
376 377 378 486 488 
380 381 382 489 491 
383 384 385 490 492 
234 249 386 493 495 
387 388 389 494 496 
250 391 392 497 498 
395 396 397 499 500 
237 252 399 501 502 
253 402 403 503 504 
240 255 406 505 506 
261 408 409 507 508 
267 268 412 509 510 
414 415 416 511 512 
276 277 417 513 515 
283 420 421 517 518 
288 289 423 519 521 
424 425 426 520 522 
296 427 428 523 524 
431 432 433 525 526 
312 436 437 527 529 
438 439 440 528 530 
442 443 444 531 533 
445 446 447 532 534 
330 331 448 535 537 
449 450 451 536 538 
341 454 455 539 541 
456 457 458 540 542 
349 350 460 543 545 
461 462 463 544 546 
466 467 468 547 549 
469 470 471 548 550 
365 366 472 551 553 
473 474 475 552 554 
477 478 479 555 556 
379 482 483 557 559 
484 485 486 558 560 
487 488 489 561 562 
390 491 492 563 564 
393 394 495 565 566 
398 498 499 567 568 
400 401 500 569 570 
404 405 504 571 572 
410 411 508 573 574 
512 513 514 575 576 
422 515 516 577 578 
518 519 520 579 580 
429 430 521 581 583 
434 435 524 585 586 
441 526 527 587 588 
529 530 531 589 590 
452 453 533 591 593 
534 535 536 592 594 
459 537 538 595 596 
464 465 541 597 599 
542 543 544 598 600 
545 546 547 601 602 
476 549 550 603 604 
480 481 553 605 606 
556 557 558 607 608 
490 559 560 609 610 
493 494 562 611 612 
496 497 564 613 614 
501 568 569 615 616 
502 503 570 617 618 
413 509 574 619 620 
517 576 577 621 622 
580 581 582 623 624 
525 583 584 625 626 
528 586 587 627 628 
532 588 589 629 630 
590 591 592 631 632 
539 540 593 633 635 
596 597 598 637 638 
548 599 600 639 640 
551 552 602 641 642 
554 555 604 643 644 
561 608 609 645 646 
563 610 611 647 648 
565 612 613 649 650 
566 567 614 651 652 
510 511 620 653 654 
578 579 622 655 656 
585 624 625 657 658 
632 633 634 665 666 
635 636 637 667 668 
601 638 639 669 670 
603 640 641 671 672 
605 642 643 673 674 
606 607 644 675 676 
6
418 419 514 516 
522 523 582 584 
594 595 634 636 
626 627 659 660 
628 629 661 662 
630 631 663 664 

506 572 618 617 652 651 649 647 676 675 673 671 669 667 665 663 661 659 657 656 655 621 654 653 619 573 507 407 257 17 1 
256 505 571 616 615 650 648 646 645 674 672 670 668 666 664 662 660 658 0 623 0 0 575 0 0 0 0 0 0 2 0 
