8 8 148
40
3 10 17 65 66 
4 11 18 67 68 
5 12 19 69 70 
6 13 20 71 73 
27 34 41 72 74 
7 14 21 75 77 
28 35 42 76 78 
8 15 22 79 81 
29 36 43 80 82 
16 23 30 83 85 
37 44 51 84 86 
24 31 38 87 89 
45 52 59 88 90 
32 39 46 91 92 
40 47 54 93 94 
48 55 62 95 96 
25 66 67 97 98 
26 33 68 99 100 
70 71 72 101 102 
49 73 74 103 105 
50 57 77 107 109 
78 79 80 108 110 
58 81 82 111 112 
85 86 87 113 114 
53 60 89 115 116 
61 92 93 117 118 
56 63 96 119 120 
69 98 99 121 122 
102 103 104 123 124 
105 106 107 125 126 
83 84 109 127 129 
88 112 113 131 132 
90 91 114 133 134 
94 95 118 135 136 
100 101 122 137 138 
108 124 125 139 140 
126 127 128 141 142 
129 130 131 143 144 
115 132 133 145 146 
116 117 134 147 148 
2
75 76 104 106 
110 111 128 130 

120 136 148 147 145 143 141 139 138 137 121 97 65 9 1 
64 119 135 146 144 142 140 0 123 0 0 0 0 2 0 
